Determining if the pthread_create exist failed with the following output:
Change Dir: /home/kartikmadhira/enpm808x/week3/cpp-boilerplate/build/CMakeFiles/CMakeTmp

Run Build Command:"/usr/bin/make" "cmTC_cd59b/fast"
/usr/bin/make -f CMakeFiles/cmTC_cd59b.dir/build.make CMakeFiles/cmTC_cd59b.dir/build
make[1]: Entering directory '/home/kartikmadhira/enpm808x/week3/cpp-boilerplate/build/CMakeFiles/CMakeTmp'
Building C object CMakeFiles/cmTC_cd59b.dir/CheckSymbolExists.c.o
/usr/bin/cc     -o CMakeFiles/cmTC_cd59b.dir/CheckSymbolExists.c.o   -c /home/kartikmadhira/enpm808x/week3/cpp-boilerplate/build/CMakeFiles/CMakeTmp/CheckSymbolExists.c
Linking C executable cmTC_cd59b
/usr/bin/cmake -E cmake_link_script CMakeFiles/cmTC_cd59b.dir/link.txt --verbose=1
/usr/bin/cc       CMakeFiles/cmTC_cd59b.dir/CheckSymbolExists.c.o  -o cmTC_cd59b -rdynamic 
CMakeFiles/cmTC_cd59b.dir/CheckSymbolExists.c.o: In function `main':
CheckSymbolExists.c:(.text+0x16): undefined reference to `pthread_create'
collect2: error: ld returned 1 exit status
CMakeFiles/cmTC_cd59b.dir/build.make:97: recipe for target 'cmTC_cd59b' failed
make[1]: *** [cmTC_cd59b] Error 1
make[1]: Leaving directory '/home/kartikmadhira/enpm808x/week3/cpp-boilerplate/build/CMakeFiles/CMakeTmp'
Makefile:126: recipe for target 'cmTC_cd59b/fast' failed
make: *** [cmTC_cd59b/fast] Error 2

File /home/kartikmadhira/enpm808x/week3/cpp-boilerplate/build/CMakeFiles/CMakeTmp/CheckSymbolExists.c:
/* */
#include <pthread.h>

int main(int argc, char** argv)
{
  (void)argv;
#ifndef pthread_create
  return ((int*)(&pthread_create))[argc];
#else
  (void)argc;
  return 0;
#endif
}

Determining if the function pthread_create exists in the pthreads failed with the following output:
Change Dir: /home/kartikmadhira/enpm808x/week3/cpp-boilerplate/build/CMakeFiles/CMakeTmp

Run Build Command:"/usr/bin/make" "cmTC_79d06/fast"
/usr/bin/make -f CMakeFiles/cmTC_79d06.dir/build.make CMakeFiles/cmTC_79d06.dir/build
make[1]: Entering directory '/home/kartikmadhira/enpm808x/week3/cpp-boilerplate/build/CMakeFiles/CMakeTmp'
Building C object CMakeFiles/cmTC_79d06.dir/CheckFunctionExists.c.o
/usr/bin/cc    -DCHECK_FUNCTION_EXISTS=pthread_create   -o CMakeFiles/cmTC_79d06.dir/CheckFunctionExists.c.o   -c /usr/share/cmake-3.5/Modules/CheckFunctionExists.c
Linking C executable cmTC_79d06
/usr/bin/cmake -E cmake_link_script CMakeFiles/cmTC_79d06.dir/link.txt --verbose=1
/usr/bin/cc   -DCHECK_FUNCTION_EXISTS=pthread_create    CMakeFiles/cmTC_79d06.dir/CheckFunctionExists.c.o  -o cmTC_79d06 -rdynamic -lpthreads 
/usr/bin/ld: cannot find -lpthreads
collect2: error: ld returned 1 exit status
CMakeFiles/cmTC_79d06.dir/build.make:97: recipe for target 'cmTC_79d06' failed
make[1]: *** [cmTC_79d06] Error 1
make[1]: Leaving directory '/home/kartikmadhira/enpm808x/week3/cpp-boilerplate/build/CMakeFiles/CMakeTmp'
Makefile:126: recipe for target 'cmTC_79d06/fast' failed
make: *** [cmTC_79d06/fast] Error 2


Determining if the pthread_create exist failed with the following output:
Change Dir: /home/kartikmadhira/github/enpm808x/week3/build/CMakeFiles/CMakeTmp

Run Build Command:"/usr/bin/make" "cmTC_69c0a/fast"
/usr/bin/make -f CMakeFiles/cmTC_69c0a.dir/build.make CMakeFiles/cmTC_69c0a.dir/build
make[1]: Entering directory '/home/kartikmadhira/github/enpm808x/week3/build/CMakeFiles/CMakeTmp'
Building C object CMakeFiles/cmTC_69c0a.dir/CheckSymbolExists.c.o
/usr/bin/cc     -o CMakeFiles/cmTC_69c0a.dir/CheckSymbolExists.c.o   -c /home/kartikmadhira/github/enpm808x/week3/build/CMakeFiles/CMakeTmp/CheckSymbolExists.c
Linking C executable cmTC_69c0a
/usr/bin/cmake -E cmake_link_script CMakeFiles/cmTC_69c0a.dir/link.txt --verbose=1
/usr/bin/cc       CMakeFiles/cmTC_69c0a.dir/CheckSymbolExists.c.o  -o cmTC_69c0a -rdynamic 
CMakeFiles/cmTC_69c0a.dir/CheckSymbolExists.c.o: In function `main':
CheckSymbolExists.c:(.text+0x16): undefined reference to `pthread_create'
collect2: error: ld returned 1 exit status
CMakeFiles/cmTC_69c0a.dir/build.make:97: recipe for target 'cmTC_69c0a' failed
make[1]: *** [cmTC_69c0a] Error 1
make[1]: Leaving directory '/home/kartikmadhira/github/enpm808x/week3/build/CMakeFiles/CMakeTmp'
Makefile:126: recipe for target 'cmTC_69c0a/fast' failed
make: *** [cmTC_69c0a/fast] Error 2

File /home/kartikmadhira/github/enpm808x/week3/build/CMakeFiles/CMakeTmp/CheckSymbolExists.c:
/* */
#include <pthread.h>

int main(int argc, char** argv)
{
  (void)argv;
#ifndef pthread_create
  return ((int*)(&pthread_create))[argc];
#else
  (void)argc;
  return 0;
#endif
}

Determining if the function pthread_create exists in the pthreads failed with the following output:
Change Dir: /home/kartikmadhira/github/enpm808x/week3/build/CMakeFiles/CMakeTmp

Run Build Command:"/usr/bin/make" "cmTC_dfc27/fast"
/usr/bin/make -f CMakeFiles/cmTC_dfc27.dir/build.make CMakeFiles/cmTC_dfc27.dir/build
make[1]: Entering directory '/home/kartikmadhira/github/enpm808x/week3/build/CMakeFiles/CMakeTmp'
Building C object CMakeFiles/cmTC_dfc27.dir/CheckFunctionExists.c.o
/usr/bin/cc    -DCHECK_FUNCTION_EXISTS=pthread_create   -o CMakeFiles/cmTC_dfc27.dir/CheckFunctionExists.c.o   -c /usr/share/cmake-3.5/Modules/CheckFunctionExists.c
Linking C executable cmTC_dfc27
/usr/bin/cmake -E cmake_link_script CMakeFiles/cmTC_dfc27.dir/link.txt --verbose=1
/usr/bin/cc   -DCHECK_FUNCTION_EXISTS=pthread_create    CMakeFiles/cmTC_dfc27.dir/CheckFunctionExists.c.o  -o cmTC_dfc27 -rdynamic -lpthreads 
/usr/bin/ld: cannot find -lpthreads
collect2: error: ld returned 1 exit status
CMakeFiles/cmTC_dfc27.dir/build.make:97: recipe for target 'cmTC_dfc27' failed
make[1]: *** [cmTC_dfc27] Error 1
make[1]: Leaving directory '/home/kartikmadhira/github/enpm808x/week3/build/CMakeFiles/CMakeTmp'
Makefile:126: recipe for target 'cmTC_dfc27/fast' failed
make: *** [cmTC_dfc27/fast] Error 2


